<?xml version="1.0" encoding="UTF-8"?>
<testng-results ignored="0" total="5" passed="5" failed="0" skipped="0">
  <reporter-output>
  </reporter-output>
  <suite started-at="2024-09-21T20:41:15 EDT" name="Adhoc" finished-at="2024-09-21T20:42:48 EDT" duration-ms="93449">
    <groups>
    </groups>
    <test started-at="2024-09-21T20:41:15 EDT" name="functions" finished-at="2024-09-21T20:42:48 EDT" duration-ms="93449">
      <class name="pro.training.tech.students.ChromeandEdge">
        <test-method is-config="true" signature="beforeMethod(java.lang.String,java.lang.String)[pri:0, instance:pro.training.tech.students.ChromeandEdge@1033576a]" started-at="2024-09-21T20:41:15 EDT" name="beforeMethod" finished-at="2024-09-21T20:41:30 EDT" duration-ms="14814" status="PASS">
          <params>
            <param index="0">
              <value>
                <![CDATA[Edge]]>
              </value>
            </param>
            <param index="1">
              <value>
                <![CDATA[https://www.amazon.com]]>
              </value>
            </param>
          </params>
          <reporter-output>
          </reporter-output>
        </test-method> <!-- beforeMethod -->
        <test-method signature="f()[pri:0, instance:pro.training.tech.students.ChromeandEdge@1033576a]" started-at="2024-09-21T20:41:30 EDT" name="f" finished-at="2024-09-21T20:41:45 EDT" duration-ms="15502" status="PASS">
          <reporter-output>
          </reporter-output>
        </test-method> <!-- f -->
        <test-method is-config="true" signature="afterMethod()[pri:0, instance:pro.training.tech.students.ChromeandEdge@1033576a]" started-at="2024-09-21T20:41:45 EDT" name="afterMethod" finished-at="2024-09-21T20:41:52 EDT" duration-ms="6311" status="PASS">
          <reporter-output>
          </reporter-output>
        </test-method> <!-- afterMethod -->
        <test-method is-config="true" signature="beforeMethod(java.lang.String,java.lang.String)[pri:0, instance:pro.training.tech.students.ChromeandEdge@1033576a]" started-at="2024-09-21T20:41:52 EDT" name="beforeMethod" finished-at="2024-09-21T20:42:04 EDT" duration-ms="12825" status="PASS">
          <params>
            <param index="0">
              <value>
                <![CDATA[Edge]]>
              </value>
            </param>
            <param index="1">
              <value>
                <![CDATA[https://www.amazon.com]]>
              </value>
            </param>
          </params>
          <reporter-output>
          </reporter-output>
        </test-method> <!-- beforeMethod -->
        <test-method signature="secondmethod()[pri:0, instance:pro.training.tech.students.ChromeandEdge@1033576a]" started-at="2024-09-21T20:42:04 EDT" name="secondmethod" finished-at="2024-09-21T20:42:04 EDT" depends-on-methods="pro.training.tech.students.ChromeandEdge.f" duration-ms="2" status="PASS">
          <reporter-output>
          </reporter-output>
        </test-method> <!-- secondmethod -->
        <test-method is-config="true" signature="afterMethod()[pri:0, instance:pro.training.tech.students.ChromeandEdge@1033576a]" started-at="2024-09-21T20:42:04 EDT" name="afterMethod" finished-at="2024-09-21T20:42:11 EDT" duration-ms="6264" status="PASS">
          <reporter-output>
          </reporter-output>
        </test-method> <!-- afterMethod -->
      </class> <!-- pro.training.tech.students.ChromeandEdge -->
      <class name="pro.training.tech.students.Searches">
        <test-method is-config="true" signature="beforeMethod(java.lang.String,java.lang.String)[pri:0, instance:pro.training.tech.students.Searches@303cf2ba]" started-at="2024-09-21T20:42:11 EDT" name="beforeMethod" finished-at="2024-09-21T20:42:24 EDT" duration-ms="13730" status="PASS">
          <params>
            <param index="0">
              <value>
                <![CDATA[Edge]]>
              </value>
            </param>
            <param index="1">
              <value>
                <![CDATA[https://www.amazon.com]]>
              </value>
            </param>
          </params>
          <reporter-output>
          </reporter-output>
        </test-method> <!-- beforeMethod -->
        <test-method signature="f()[pri:0, instance:pro.training.tech.students.Searches@303cf2ba]" started-at="2024-09-21T20:42:24 EDT" name="f" finished-at="2024-09-21T20:42:42 EDT" duration-ms="17524" status="PASS">
          <reporter-output>
          </reporter-output>
        </test-method> <!-- f -->
        <test-method is-config="true" signature="afterMethod()[pri:0, instance:pro.training.tech.students.Searches@303cf2ba]" started-at="2024-09-21T20:42:42 EDT" name="afterMethod" finished-at="2024-09-21T20:42:48 EDT" duration-ms="6374" status="PASS">
          <reporter-output>
          </reporter-output>
        </test-method> <!-- afterMethod -->
      </class> <!-- pro.training.tech.students.Searches -->
      <class name="pro.training.tech.students.Selenium">
        <test-method is-config="true" signature="beforeSuite()[pri:0, instance:pro.training.tech.students.Selenium@5ddeb7cb]" started-at="2024-09-21T20:41:15 EDT" name="beforeSuite" finished-at="2024-09-21T20:41:15 EDT" duration-ms="25" status="PASS">
          <reporter-output>
          </reporter-output>
        </test-method> <!-- beforeSuite -->
        <test-method is-config="true" signature="beforeTest()[pri:0, instance:pro.training.tech.students.Selenium@5ddeb7cb]" started-at="2024-09-21T20:41:15 EDT" name="beforeTest" finished-at="2024-09-21T20:41:15 EDT" duration-ms="0" status="PASS">
          <reporter-output>
          </reporter-output>
        </test-method> <!-- beforeTest -->
        <test-method is-config="true" signature="beforeClass()[pri:0, instance:pro.training.tech.students.Selenium@5ddeb7cb]" started-at="2024-09-21T20:41:15 EDT" name="beforeClass" finished-at="2024-09-21T20:41:15 EDT" duration-ms="0" status="PASS">
          <reporter-output>
          </reporter-output>
        </test-method> <!-- beforeClass -->
        <test-method is-config="true" signature="beforeMethod()[pri:0, instance:pro.training.tech.students.Selenium@5ddeb7cb]" started-at="2024-09-21T20:41:15 EDT" name="beforeMethod" finished-at="2024-09-21T20:41:15 EDT" duration-ms="1" status="PASS">
          <reporter-output>
          </reporter-output>
        </test-method> <!-- beforeMethod -->
        <test-method signature="f()[pri:0, instance:pro.training.tech.students.Selenium@5ddeb7cb]" started-at="2024-09-21T20:41:15 EDT" name="f" finished-at="2024-09-21T20:41:15 EDT" duration-ms="5" status="PASS">
          <reporter-output>
          </reporter-output>
        </test-method> <!-- f -->
        <test-method is-config="true" signature="afterMethod()[pri:0, instance:pro.training.tech.students.Selenium@5ddeb7cb]" started-at="2024-09-21T20:41:15 EDT" name="afterMethod" finished-at="2024-09-21T20:41:15 EDT" duration-ms="1" status="PASS">
          <reporter-output>
          </reporter-output>
        </test-method> <!-- afterMethod -->
        <test-method is-config="true" signature="beforeMethod()[pri:0, instance:pro.training.tech.students.Selenium@5ddeb7cb]" started-at="2024-09-21T20:41:15 EDT" name="beforeMethod" finished-at="2024-09-21T20:41:15 EDT" duration-ms="1" status="PASS">
          <reporter-output>
          </reporter-output>
        </test-method> <!-- beforeMethod -->
        <test-method signature="second()[pri:0, instance:pro.training.tech.students.Selenium@5ddeb7cb]" started-at="2024-09-21T20:41:15 EDT" name="second" finished-at="2024-09-21T20:41:15 EDT" duration-ms="1" status="PASS">
          <reporter-output>
          </reporter-output>
        </test-method> <!-- second -->
        <test-method is-config="true" signature="afterMethod()[pri:0, instance:pro.training.tech.students.Selenium@5ddeb7cb]" started-at="2024-09-21T20:41:15 EDT" name="afterMethod" finished-at="2024-09-21T20:41:15 EDT" duration-ms="1" status="PASS">
          <reporter-output>
          </reporter-output>
        </test-method> <!-- afterMethod -->
        <test-method is-config="true" signature="afterClass()[pri:0, instance:pro.training.tech.students.Selenium@5ddeb7cb]" started-at="2024-09-21T20:41:15 EDT" name="afterClass" finished-at="2024-09-21T20:41:15 EDT" duration-ms="1" status="PASS">
          <reporter-output>
          </reporter-output>
        </test-method> <!-- afterClass -->
        <test-method is-config="true" signature="afterTest()[pri:0, instance:pro.training.tech.students.Selenium@5ddeb7cb]" started-at="2024-09-21T20:42:48 EDT" name="afterTest" finished-at="2024-09-21T20:42:48 EDT" duration-ms="0" status="PASS">
          <reporter-output>
          </reporter-output>
        </test-method> <!-- afterTest -->
        <test-method is-config="true" signature="afterSuite()[pri:0, instance:pro.training.tech.students.Selenium@5ddeb7cb]" started-at="2024-09-21T20:42:48 EDT" name="afterSuite" finished-at="2024-09-21T20:42:48 EDT" duration-ms="1" status="PASS">
          <reporter-output>
          </reporter-output>
        </test-method> <!-- afterSuite -->
      </class> <!-- pro.training.tech.students.Selenium -->
    </test> <!-- functions -->
  </suite> <!-- Adhoc -->
</testng-results>
