<?xml version="1.0" encoding="UTF-8"?>
<!-- Generated by org.testng.reporters.JUnitXMLReporter -->
<testsuite ignored="0" hostname="LAPTOP-Q8FQTIJS" failures="0" tests="5" name="functionsforother" time="0.037" errors="0" timestamp="2024-09-23T19:06:26 EDT">
  <testcase classname="pro.training.tech.students.Selenium" name="f" time="0.001"/>
  <testcase classname="pro.training.tech.students.Selenium" name="second" time="0.0"/>
  <testcase classname="pro.training.tech.students.ChromeandEdge" name="f" time="0.0">
    <skipped/>
  </testcase> <!-- f -->
  <testcase classname="pro.training.tech.students.ChromeandEdge" name="secondmethod" time="0.0">
    <skipped/>
  </testcase> <!-- secondmethod -->
  <testcase classname="pro.training.tech.students.Searches" name="f" time="0.0">
    <skipped/>
  </testcase> <!-- f -->
</testsuite> <!-- functionsforother -->
