<?xml version="1.0" encoding="UTF-8"?>
<!-- Generated by org.testng.reporters.JUnitXMLReporter -->
<testsuite ignored="0" hostname="LAPTOP-Q8FQTIJS" failures="0" tests="5" name="functions" time="93.449" errors="0" timestamp="2024-09-21T20:42:48 EDT">
  <testcase classname="pro.training.tech.students.Selenium" name="f" time="0.005"/>
  <testcase classname="pro.training.tech.students.Selenium" name="second" time="0.001"/>
  <testcase classname="pro.training.tech.students.ChromeandEdge" name="f" time="15.502"/>
  <testcase classname="pro.training.tech.students.ChromeandEdge" name="secondmethod" time="0.002"/>
  <testcase classname="pro.training.tech.students.Searches" name="f" time="17.524"/>
</testsuite> <!-- functions -->
